[03:51:05] [ServerMain/INFO]: [bootstrap] Running Java 21 (OpenJDK 64-Bit Server VM 21.0.5+11-LTS; Amazon.com Inc. Corretto-21.0.5.11.1) on Linux 6.8.0-51-generic (amd64)
[03:51:05] [ServerMain/INFO]: [bootstrap] Loading Paper 1.21.4-203-main@34c794d (2025-03-08T22:19:07Z) for Minecraft 1.21.4
[03:51:05] [ServerMain/INFO]: [PluginInitializerManager] Initializing plugins...
[03:51:05] [Paper Plugin Remapper Thread - 2/INFO]: [PluginRemapper] Remapping plugin 'plugins/TAB v5.0.7.jar'...
[03:51:05] [Paper Plugin Remapper Thread - 3/INFO]: [PluginRemapper] Remapping plugin 'plugins/AxGraves-1.18.0.jar'...
[03:51:05] [Paper Plugin Remapper Thread - 1/INFO]: [PluginRemapper] Remapping plugin 'plugins/SetHome-2.0.jar'...
[03:51:05] [Paper Plugin Remapper Thread - 0/INFO]: [PluginRemapper] Remapping plugin 'plugins/bluemap-5.7-spigot.jar'...
[03:51:05] [Paper Plugin Remapper Thread - 1/INFO]: [PluginRemapper] Done remapping plugin 'plugins/SetHome-2.0.jar' in 148ms.
[03:51:05] [Paper Plugin Remapper Thread - 1/INFO]: [PluginRemapper] Remapping plugin 'plugins/voicechat-bukkit-2.5.26.jar'...
[03:51:06] [Paper Plugin Remapper Thread - 2/INFO]: [PluginRemapper] Done remapping plugin 'plugins/TAB v5.0.7.jar' in 697ms.
[03:51:06] [Paper Plugin Remapper Thread - 2/INFO]: [PluginRemapper] Remapping plugin 'plugins/tpa-20250220c.jar'...
[03:51:06] [Paper Plugin Remapper Thread - 1/INFO]: [PluginRemapper] Done remapping plugin 'plugins/voicechat-bukkit-2.5.26.jar' in 438ms.
[03:51:06] [Paper Plugin Remapper Thread - 1/INFO]: [PluginRemapper] Remapping plugin 'plugins/floodgate-spigot.jar'...
[03:51:06] [Paper Plugin Remapper Thread - 2/INFO]: [PluginRemapper] Done remapping plugin 'plugins/tpa-20250220c.jar' in 31ms.
[03:51:06] [Paper Plugin Remapper Thread - 3/INFO]: [PluginRemapper] Done remapping plugin 'plugins/AxGraves-1.18.0.jar' in 1144ms.
[03:51:06] [Paper Plugin Remapper Thread - 0/INFO]: [PluginRemapper] Done remapping plugin 'plugins/bluemap-5.7-spigot.jar' in 1138ms.
[03:51:07] [Paper Plugin Remapper Thread - 1/INFO]: [PluginRemapper] Done remapping plugin 'plugins/floodgate-spigot.jar' in 1605ms.
[03:51:07] [ServerMain/INFO]: [PluginInitializerManager] Initialized 14 plugins
[03:51:07] [ServerMain/INFO]: [PluginInitializerManager] Bukkit plugins (14):
 - AxGraves (1.18.0), BlueMap (5.7), Chunky (1.4.28), ChunkyBorder (1.2.23), Geyser-Spigot (2.6.1-SNAPSHOT), JustTPA (20250220c), LuckPerms (5.4.145), MiniMOTD (2.1.5), SetHome (2.0), TAB (5.0.7), ViaBackwards (5.2.1), ViaVersion (5.2.1), floodgate (2.2.4-SNAPSHOT (b116-0e3163c)), voicechat (2.5.26)
[03:51:11] [ServerMain/INFO]: Environment: Environment[sessionHost=https://sessionserver.mojang.com, servicesHost=https://api.minecraftservices.com, name=PROD]
[03:51:12] [ServerMain/INFO]: Loaded 1370 recipes
[03:51:12] [ServerMain/INFO]: Loaded 1481 advancements
[03:51:12] [ServerMain/INFO]: [MCTypeRegistry] Initialising converters for DataConverter...
[03:51:12] [ServerMain/INFO]: [MCTypeRegistry] Finished initialising converters for DataConverter in 164.1ms
[03:51:12] [Server thread/INFO]: Starting minecraft server version 1.21.4
[03:51:12] [Server thread/INFO]: Loading properties
[03:51:12] [Server thread/INFO]: This server is running Paper version 1.21.4-203-main@34c794d (2025-03-08T22:19:07Z) (Implementing API version 1.21.4-R0.1-SNAPSHOT)
[03:51:12] [Server thread/INFO]: [spark] This server bundles the spark profiler. For more information please visit https://docs.papermc.io/paper/profiling
[03:51:12] [Server thread/INFO]: Server Ping Player Sample Count: 12
[03:51:12] [Server thread/INFO]: Using 4 threads for Netty based IO
[03:51:13] [Server thread/INFO]: [MoonriseCommon] Paper is using 2 worker threads, 1 I/O threads
[03:51:13] [Server thread/INFO]: [ChunkTaskScheduler] Chunk system is using population gen parallelism: true
[03:51:13] [Server thread/INFO]: Default game type: SURVIVAL
[03:51:13] [Server thread/INFO]: Generating keypair
[03:51:13] [Server thread/INFO]: Starting Minecraft server on *:25565
[03:51:13] [Server thread/INFO]: Using epoll channel type
[03:51:13] [Server thread/INFO]: Paper: Using libdeflate (Linux x86_64) compression from Velocity.
[03:51:13] [Server thread/INFO]: Paper: Using OpenSSL 3.x.x (Linux x86_64) cipher from Velocity.
[03:51:14] [Server thread/INFO]: [ViaVersion] Loading server plugin ViaVersion v5.2.1
[03:51:14] [Server thread/INFO]: [ViaVersion] ViaVersion 5.2.1 is now loaded. Registering protocol transformers and injecting...
[03:51:14] [Via-Mappingloader-0/INFO]: [ViaVersion] Loading block connection mappings ...
[03:51:14] [Via-Mappingloader-0/INFO]: [ViaVersion] Using FastUtil Long2ObjectOpenHashMap for block connections
[03:51:14] [Server thread/INFO]: [ViaBackwards] Loading translations...
[03:51:14] [Server thread/INFO]: [ViaBackwards] Registering protocols...
[03:51:15] [Server thread/INFO]: [BlueMap] Loading server plugin BlueMap v5.7
[03:51:15] [Server thread/INFO]: [floodgate] Loading server plugin floodgate v2.2.4-SNAPSHOT (b116-0e3163c)
[03:51:15] [Server thread/INFO]: [floodgate] Took 412ms to boot Floodgate
[03:51:15] [Server thread/INFO]: [LuckPerms] Loading server plugin LuckPerms v5.4.145
[03:51:16] [Server thread/INFO]: [Chunky] Loading server plugin Chunky v1.4.28
[03:51:16] [Server thread/INFO]: [JustTPA] Loading server plugin JustTPA v20250220c
[03:51:16] [Server thread/INFO]: [voicechat] Loading server plugin voicechat v2.5.26
[03:51:16] [Server thread/INFO]: [SetHome] Loading server plugin SetHome v2.0
[03:51:16] [Server thread/INFO]: [ViaBackwards] Loading server plugin ViaBackwards v5.2.1
[03:51:16] [Server thread/INFO]: [Geyser-Spigot] Loading server plugin Geyser-Spigot v2.6.1-SNAPSHOT
[03:51:16] [Server thread/INFO]: [Geyser-Spigot] Loading extensions...
[03:51:16] [Server thread/INFO]: [Geyser-Spigot] Loaded 0 extension(s)
[03:51:16] [Server thread/INFO]: [AxGraves] Loading server plugin AxGraves v1.18.0
[03:51:16] [Server thread/INFO]: [AxGraves] Loading library commons-math3
[03:51:17] [Server thread/INFO]: [AxGraves] Downloaded library https://repo1.maven.org/maven2/org/apache/commons/commons-math3/3.6.1/commons-math3-3.6.1.jar
[03:51:17] [Server thread/INFO]: [AxGraves] Downloaded library https://repo1.maven.org/maven2/org/ow2/asm/asm-commons/9.2/asm-commons-9.2.jar
[03:51:17] [Server thread/INFO]: [AxGraves] Downloaded library https://repo1.maven.org/maven2/org/ow2/asm/asm/9.2/asm-9.2.jar
[03:51:17] [Server thread/INFO]: [AxGraves] Downloaded library https://repo1.maven.org/maven2/me/lucko/jar-relocator/1.7/jar-relocator-1.7.jar
[03:51:17] [Server thread/INFO]: [AxGraves] Relocations applied to commons-math3-3.6.1.jar
[03:51:17] [Server thread/INFO]: [AxGraves] Loading library caffeine
[03:51:17] [Server thread/INFO]: [AxGraves] Downloaded library https://repo1.maven.org/maven2/com/github/ben-manes/caffeine/caffeine/3.1.8/caffeine-3.1.8.jar
[03:51:17] [Server thread/INFO]: [AxGraves] Relocations applied to caffeine-3.1.8.jar
[03:51:17] [Server thread/INFO]: [MiniMOTD] Loading server plugin MiniMOTD v2.1.5
[03:51:17] [Server thread/INFO]: [TAB] Loading server plugin TAB v5.0.7
[03:51:17] [Server thread/INFO]: [ChunkyBorder] Loading server plugin ChunkyBorder v1.2.23
[03:51:17] [Server thread/INFO]: Server permissions file permissions.yml is empty, ignoring it
[03:51:17] [Server thread/INFO]: [LuckPerms] Enabling LuckPerms v5.4.145
[03:51:18] [Server thread/INFO]:         __    
[03:51:18] [Server thread/INFO]:   |    |__)   LuckPerms v5.4.145
[03:51:18] [Server thread/INFO]:   |___ |      Running on Bukkit - Paper
[03:51:18] [Server thread/INFO]: 
[03:51:18] [Server thread/INFO]: [LuckPerms] Loading configuration...
[03:51:18] [Server thread/INFO]: [LuckPerms] Loading storage provider... [H2]
[03:51:18] [Server thread/INFO]: [LuckPerms] Loading internal permission managers...
[03:51:18] [Server thread/INFO]: [LuckPerms] Performing initial data load...
[03:51:18] [Server thread/INFO]: [LuckPerms] Successfully enabled. (took 922ms)
[03:51:18] [Server thread/INFO]: Preparing level "world"
[03:51:19] [Server thread/INFO]: Preparing start region for dimension minecraft:overworld
[03:51:19] [Server thread/INFO]: Preparing spawn area: 0%
[03:51:19] [Server thread/INFO]: Preparing spawn area: 8%
[03:51:19] [Server thread/INFO]: Time elapsed: 545 ms
[03:51:19] [Server thread/INFO]: Preparing start region for dimension minecraft:the_nether
[03:51:19] [Server thread/INFO]: Preparing spawn area: 0%
[03:51:19] [Server thread/INFO]: Time elapsed: 107 ms
[03:51:19] [Server thread/INFO]: Preparing start region for dimension minecraft:the_end
[03:51:19] [Server thread/INFO]: Preparing spawn area: 0%
[03:51:19] [Server thread/INFO]: Time elapsed: 52 ms
[03:51:19] [Server thread/INFO]: [ViaVersion] Enabling ViaVersion v5.2.1
[03:51:19] [Server thread/INFO]: [ViaVersion] ViaVersion detected server version: 1.21.4 (769)
[03:51:19] [Server thread/INFO]: [BlueMap] Enabling BlueMap v5.7
[03:51:19] [Server thread/INFO]: [BlueMap] Saving all worlds once, to make sure the level.dat is present...
[03:51:19] [Server thread/WARN]: A manual (plugin-induced) save has been detected while server is configured to auto-save. This may affect performance.
[03:51:19] [Server thread/INFO]: [floodgate] Enabling floodgate v2.2.4-SNAPSHOT (b116-0e3163c)
[03:51:20] [Server thread/INFO]: [Chunky] Enabling Chunky v1.4.28
[03:51:20] [Server thread/INFO]: [JustTPA] Enabling JustTPA v20250220c
[03:51:20] [Server thread/INFO]: [JustTPA] JustTPA initialized
[03:51:20] [Server thread/INFO]: [JustTPA] bStats enabled
[03:51:20] [Server thread/INFO]: [JustTPA] Checking for updates...
[03:51:20] [Server thread/INFO]: [voicechat] Enabling voicechat v2.5.26
[03:51:20] [Server thread/INFO]: [voicechat] Initializing compatibility for Bukkit version 1.21.4-R0.1
[03:51:20] [Server thread/INFO]: [voicechat] Compatibility version 18
[03:51:20] [Server thread/INFO]: [voicechat] Successfully initialized commodore command completion
[03:51:20] [Server thread/INFO]: [voicechat] Successfully added ViaVersion mappings
[03:51:20] [Server thread/INFO]: [SetHome] Enabling SetHome v2.0
[03:51:20] [Server thread/INFO]: [ViaBackwards] Enabling ViaBackwards v5.2.1
[03:51:20] [Server thread/INFO]: [Geyser-Spigot] Enabling Geyser-Spigot v2.6.1-SNAPSHOT
[03:51:20] [Server thread/INFO]: [AxGraves] Enabling AxGraves v1.18.0
[03:51:20] [Server thread/INFO]: [MiniMOTD] Enabling MiniMOTD v2.1.5
[03:51:20] [Server thread/INFO]: [TAB] Enabling TAB v5.0.7
[03:51:21] [Server thread/INFO]: [TAB] Loaded NMS hook in 74ms
[03:51:21] [Server thread/INFO]: [TAB] Enabled in 148ms
[03:51:21] [Server thread/INFO]: [ChunkyBorder] Enabling ChunkyBorder v1.2.23
[03:51:21] [Server thread/WARN]: [ChunkyBorder] No saved borders found.
[03:51:21] [Server thread/INFO]: [spark] Starting background profiler...
[03:51:21] [Server thread/INFO]: [Geyser-Spigot] ******************************************
[03:51:21] [Server thread/INFO]: [Geyser-Spigot] 
[03:51:21] [Server thread/INFO]: [Geyser-Spigot] Loading Geyser version 2.6.1-b784 (git-master-cc94d5a)
[03:51:21] [Server thread/INFO]: [Geyser-Spigot] 
[03:51:21] [Server thread/INFO]: [Geyser-Spigot] ******************************************
[03:51:23] [epollEventLoopGroup-3-1/INFO]: [Geyser-Spigot] Started Geyser on UDP port 19132
[03:51:23] [Server thread/INFO]: [Geyser-Spigot] Done (2.394s)! Run /geyser help for help!
[03:51:23] [Server thread/INFO]: Done preparing level "world" (5.145s)
[03:51:23] [Server thread/INFO]: Running delayed init tasks
[03:51:23] [Craft Scheduler Thread - 1 - BlueMap/INFO]: [BlueMap] Loading...
[03:51:23] [Craft Scheduler Thread - 2 - ViaVersion/INFO]: [ViaVersion] Finished mapping loading, shutting down loader executor.
[03:51:23] [Server thread/INFO]: Done (19.652s)! For help, type "help"
[03:51:23] [Server thread/INFO]: [voicechat] Loading plugins
[03:51:23] [Server thread/INFO]: [voicechat] Loaded 0 plugin(s)
[03:51:23] [Server thread/INFO]: [voicechat] Initializing plugins
[03:51:23] [Server thread/INFO]: [voicechat] Initialized 0 plugin(s)
[03:51:24] [VoiceChatServerThread/INFO]: [voicechat] Voice chat server started at port 24454
[03:51:24] [ForkJoinPool.commonPool-worker-5/WARN]: [Geyser-Spigot] Missing MC locale file: en_us
[03:51:24] [ForkJoinPool.commonPool-worker-7/INFO]: [Geyser-Spigot] Downloading Minecraft JAR to extract required files, please wait... (this may take some time depending on the speed of your internet connection)
[03:51:24] [Craft Scheduler Thread - 4 - JustTPA/INFO]: [JustTPA] You are using the latest version for your server.
[03:51:24] [Craft Scheduler Thread - 1 - BlueMap/WARN]: [BlueMap] BlueMap is missing important resources!
[03:51:24] [Craft Scheduler Thread - 1 - BlueMap/WARN]: [BlueMap] You must accept the required file download in order for BlueMap to work!
[03:51:24] [Craft Scheduler Thread - 1 - BlueMap/WARN]: [BlueMap] Please check: /home/mc/server/plugins/BlueMap/core.conf
[03:51:24] [Craft Scheduler Thread - 1 - BlueMap/INFO]: [BlueMap] If you have changed the config you can simply reload the plugin using: /bluemap reload
[03:51:25] [ForkJoinPool.commonPool-worker-7/INFO]: [Geyser-Spigot] Minecraft JAR has been successfully downloaded and loaded!
[03:51:57] [User Authenticator #0/INFO]: UUID of player Jomity is 3c4d2a79-953f-4834-b5d4-0e888a71e740
[03:51:58] [Server thread/INFO]: Jomity joined the game
[03:51:58] [Server thread/INFO]: Jomity[/67.248.99.52:60042] logged in with entity id 16 at ([world]-183.28538163553955, 86.0, -76.5091853320889)
[03:51:58] [Server thread/INFO]: [voicechat] Received secret request of Jomity (18)
[03:51:58] [Server thread/INFO]: [voicechat] Sent secret to Jomity
[03:51:58] [VoiceChatPacketProcessingThread/INFO]: [voicechat] Successfully authenticated player 3c4d2a79-953f-4834-b5d4-0e888a71e740
[03:51:59] [VoiceChatPacketProcessingThread/INFO]: [voicechat] Successfully validated connection of player 3c4d2a79-953f-4834-b5d4-0e888a71e740
[03:51:59] [VoiceChatPacketProcessingThread/INFO]: [voicechat] Player Jomity (3c4d2a79-953f-4834-b5d4-0e888a71e740) successfully connected to voice chat
[03:52:47] [Server thread/INFO]: Made Jomity no longer a server operator
[03:52:53] [Server thread/INFO]: Jomity issued server command: /gamemode
[03:52:57] [Server thread/INFO]: Jomity issued server command: /geyser
[03:52:59] [Server thread/INFO]: Jomity issued server command: /graves
[03:53:02] [Server thread/INFO]: Jomity issued server command: /graves list
[03:53:07] [Server thread/INFO]: Jomity issued server command: /graves reload
[03:53:13] [Server thread/INFO]: Jomity issued server command: /help
[03:53:40] [Server thread/INFO]: Jomity issued server command: /justtpa:tpa
[03:53:42] [Server thread/INFO]: Jomity issued server command: /justtpa:tpa Jomity
[03:53:48] [Server thread/INFO]: Jomity issued server command: /home
[03:53:53] [Server thread/INFO]: Jomity issued server command: /sethome Jomity
[03:53:56] [Server thread/INFO]: Jomity issued server command: /home
[03:53:59] [Server thread/INFO]: Jomity issued server command: /home Jomity
[03:54:03] [Server thread/INFO]: Jomity issued server command: /delhome Jomity
[03:54:06] [Server thread/INFO]: Jomity issued server command: /sethome
[03:54:14] [Server thread/INFO]: Jomity issued server command: /sethome:home
[03:54:18] [Server thread/INFO]: Jomity issued server command: /sethome:home Jomity
[03:54:22] [Server thread/INFO]: Jomity issued server command: /sethome Jomity
[03:54:24] [Server thread/INFO]: Jomity issued server command: /home
[03:54:28] [Server thread/INFO]: Jomity issued server command: /delhome Jomity
[04:03:47] [Server thread/INFO]: /97.87.116.251:54738 lost connection: Internal Exception: io.netty.handler.codec.DecoderException: Failed to decode packet 'serverbound/minecraft:hello'
[04:05:53] [Server thread/INFO]: Made Jomity a server operator
[04:06:01] [Server thread/INFO]: Jomity issued server command: /bluemap start
[04:06:05] [Server thread/INFO]: Jomity issued server command: /bluemap reload
[04:06:05] [BlueMap-FJP-0/WARN]: [BlueMap] BlueMap is missing important resources!
[04:06:05] [BlueMap-FJP-0/WARN]: [BlueMap] You must accept the required file download in order for BlueMap to work!
[04:06:05] [BlueMap-FJP-0/WARN]: [BlueMap] Please check: /home/mc/server/plugins/BlueMap/core.conf
[04:06:05] [BlueMap-FJP-0/INFO]: [BlueMap] If you have changed the config you can simply reload the plugin using: /bluemap reload
[04:06:33] [BlueMap-FJP-0/INFO]: Reloading BlueMap...
[04:06:33] [BlueMap-FJP-0/INFO]: [BlueMap] Downloading 'https://piston-data.mojang.com/v1/objects/a7e5a6024bfd3cd614625aa05629adf760020304/client.jar' to 'bluemap/minecraft-client-1.21.4.jar'...
[04:06:34] [BlueMap-FJP-0/INFO]: [BlueMap] Loading resources...
[04:06:34] [BlueMap-FJP-0/INFO]: [BlueMap] Loading textures...
[04:06:35] [BlueMap-FJP-0/INFO]: [BlueMap] Baking resources...
[04:06:35] [BlueMap-FJP-0/INFO]: [BlueMap] Resources loaded.
[04:06:35] [BlueMap-FJP-0/INFO]: [BlueMap] Initializing Storage: 'file' (Type: 'bluemap:file')
[04:06:35] [BlueMap-FJP-0/INFO]: [BlueMap] Loading map 'world'...
[04:06:35] [BlueMap-FJP-0/INFO]: [BlueMap] Loading map 'world_the_end'...
[04:06:35] [BlueMap-FJP-0/INFO]: [BlueMap] Loading map 'world_nether'...
[04:06:35] [BlueMap-FJP-0/INFO]: [BlueMap] WebServer bound to all network interfaces on port 8100
[04:06:35] [Thread-25/INFO]: [BlueMap] WebServer started.
[04:06:36] [BlueMap-FJP-0/INFO]: BlueMap reloaded!
[04:12:08] [Server thread/INFO]: intersect (/156.253.227.129:60714) lost connection: Disconnected
[04:15:22] [Server thread/INFO]: Jomity has made the advancement [Sneak 100]
[04:15:47] [Server thread/INFO]: Jomity issued server command: /tp ~ 300 ~
[04:15:47] [Server thread/INFO]: [Jomity: Teleported Jomity to -160.009377, 300.000000, -397.662808]
[04:18:17] [Server thread/INFO]: intersect (/156.253.227.129:39742) lost connection: Disconnected
