[2025-03-09 06:34:54][INFO] Loading resources...
[2025-03-09 06:34:54][FINE] Loading resources from: bluemap/resourceExtensions.zip ...
[2025-03-09 06:34:54][FINE] Loading resources from: bluemap/minecraft-client-1.21.4.jar ...
[2025-03-09 06:34:54][INFO] Loading textures...
[2025-03-09 06:34:54][FINE] Loading textures from: bluemap/resourceExtensions.zip ...
[2025-03-09 06:34:54][FINE] Loading textures from: bluemap/minecraft-client-1.21.4.jar ...
[2025-03-09 06:34:54][INFO] Baking resources...
[2025-03-09 06:34:54][INFO] Resources loaded.
[2025-03-09 06:34:54][FINE] Loading world world#minecraft:overworld ...
[2025-03-09 06:34:54][FINE] Loading datapack...
[2025-03-09 06:34:54][FINE] Loading datapack from: world/datapacks/bukkit ...
[2025-03-09 06:34:54][FINE] Loading datapack from: bluemap/resourceExtensions.zip ...
[2025-03-09 06:34:54][FINE] Loading datapack from: bluemap/minecraft-client-1.21.4.jar ...
[2025-03-09 06:34:54][FINE] Baking datapack...
[2025-03-09 06:34:55][FINE] Datapack loaded.
[2025-03-09 06:34:55][INFO] Initializing Storage: 'file' (Type: 'bluemap:file')
[2025-03-09 06:34:55][INFO] Loading map 'world'...
[2025-03-09 06:34:55][FINE] Loading render-state for map 'world'
[2025-03-09 06:34:55][FINE] Loading textures for map 'world'
[2025-03-09 06:34:55][FINE] Loading world world_the_end#minecraft:the_end ...
[2025-03-09 06:34:55][FINE] Loading datapack...
[2025-03-09 06:34:55][FINE] Loading datapack from: bluemap/resourceExtensions.zip ...
[2025-03-09 06:34:55][FINE] Loading datapack from: bluemap/minecraft-client-1.21.4.jar ...
[2025-03-09 06:34:55][FINE] Baking datapack...
[2025-03-09 06:34:55][FINE] Datapack loaded.
[2025-03-09 06:34:55][INFO] Loading map 'world_the_end'...
[2025-03-09 06:34:55][FINE] Loading render-state for map 'world_the_end'
[2025-03-09 06:34:55][FINE] Loading textures for map 'world_the_end'
[2025-03-09 06:34:55][FINE] Loading world world_nether#minecraft:the_nether ...
[2025-03-09 06:34:55][FINE] Loading datapack...
[2025-03-09 06:34:55][FINE] Loading datapack from: bluemap/resourceExtensions.zip ...
[2025-03-09 06:34:55][FINE] Loading datapack from: bluemap/minecraft-client-1.21.4.jar ...
[2025-03-09 06:34:55][FINE] Baking datapack...
[2025-03-09 06:34:55][FINE] Datapack loaded.
[2025-03-09 06:34:55][INFO] Loading map 'world_nether'...
[2025-03-09 06:34:55][FINE] Loading render-state for map 'world_nether'
[2025-03-09 06:34:55][FINE] Loading textures for map 'world_nether'
[2025-03-09 06:34:55][INFO] WebServer bound to all network interfaces on port 8100
[2025-03-09 06:34:55][INFO] WebServer started.
[2025-03-09 06:34:55][FINE] Started watching map 'world' for updates...
[2025-03-09 06:34:55][FINE] Started watching map 'world_the_end' for updates...
[2025-03-09 06:34:55][FINE] Started watching map 'world_nether' for updates...
[2025-03-09 06:34:55][INFO] Loaded!
[2025-03-09 06:34:56][FINE] No renderer found for entity type: minecraft:item
[2025-03-09 06:34:56][FINE] No renderer found for entity type: minecraft:bee
